<?xml version="1.0" encoding="UTF-8"?>
<!-- Generated by org.testng.reporters.JUnitReportReporter -->
<testsuite name="com.jaga.restapi.test.ReadState" tests="6" time="0.203" ignored="0" failures="0" timestamp="07 Jun 2018 03:56:08 GMT" skipped="0" hostname="JAGA" errors="0">
  <testcase name="getState" time="0.031" classname="com.jaga.restapi.test.ReadState"/>
  <testcase name="getState" time="0.032" classname="com.jaga.restapi.test.ReadState"/>
  <testcase name="getStates" time="0.031" classname="com.jaga.restapi.test.ReadState"/>
  <testcase name="getState" time="0.031" classname="com.jaga.restapi.test.ReadState"/>
  <testcase name="getState" time="0.032" classname="com.jaga.restapi.test.ReadState"/>
  <testcase name="getState" time="0.046" classname="com.jaga.restapi.test.ReadState"/>
</testsuite> <!-- com.jaga.restapi.test.ReadState -->
