<?xml version="1.0" encoding="UTF-8"?>
<!-- Generated by org.testng.reporters.JUnitReportReporter -->
<testsuite name="com.jaga.restapi.test.TestScript" tests="2" time="3.432" ignored="0" failures="0" timestamp="30 May 2018 04:58:14 GMT" skipped="0" hostname="JAGA" errors="0">
  <testcase name="getStates" time="0.034" classname="com.jaga.restapi.test.TestScript"/>
  <testcase name="getState" time="3.398" classname="com.jaga.restapi.test.TestScript"/>
</testsuite> <!-- com.jaga.restapi.test.TestScript -->
