<?xml version="1.0" encoding="UTF-8"?>
<!-- Generated by org.testng.reporters.JUnitReportReporter -->
<testsuite name="com.jaga.restapi.test.UpdateState" tests="1" time="2.812" ignored="0" failures="0" timestamp="07 Jun 2018 03:46:52 GMT" skipped="0" hostname="JAGA" errors="0">
  <testcase name="updateStateDetail" time="2.812" classname="com.jaga.restapi.test.UpdateState"/>
</testsuite> <!-- com.jaga.restapi.test.UpdateState -->
