<?xml version="1.0" encoding="UTF-8"?>
<!-- Generated by org.testng.reporters.JUnitReportReporter -->
<testsuite name="com.jaga.restapi.test.ReadState" tests="5" time="0.159" ignored="0" failures="0" timestamp="30 May 2018 14:16:23 GMT" skipped="0" hostname="JAGA" errors="0">
  <testcase name="getState" time="0.032" classname="com.jaga.restapi.test.ReadState"/>
  <testcase name="getStates" time="0.027" classname="com.jaga.restapi.test.ReadState"/>
  <testcase name="getState" time="0.033" classname="com.jaga.restapi.test.ReadState"/>
  <testcase name="getState" time="0.035" classname="com.jaga.restapi.test.ReadState"/>
  <testcase name="getState" time="0.032" classname="com.jaga.restapi.test.ReadState"/>
</testsuite> <!-- com.jaga.restapi.test.ReadState -->
