<?xml version="1.0" encoding="UTF-8"?>
<!-- Generated by org.testng.reporters.JUnitReportReporter -->
<testsuite name="com.jaga.restapi.test.ReadState" tests="1" time="2.251" ignored="0" failures="0" timestamp="30 May 2018 05:52:20 GMT" skipped="0" hostname="JAGA" errors="0">
  <testcase name="getState" time="2.251" classname="com.jaga.restapi.test.ReadState"/>
</testsuite> <!-- com.jaga.restapi.test.ReadState -->
