<?xml version="1.0" encoding="UTF-8"?>
<!-- Generated by org.testng.reporters.JUnitReportReporter -->
<testsuite name="com.jaga.restapi.test.ReadStates" tests="1" time="2.235" ignored="0" failures="0" timestamp="07 Jun 2018 03:56:08 GMT" skipped="0" hostname="JAGA" errors="0">
  <testcase name="getStates" time="2.235" classname="com.jaga.restapi.test.ReadStates"/>
</testsuite> <!-- com.jaga.restapi.test.ReadStates -->
