<?xml version="1.0" encoding="UTF-8"?>
<!-- Generated by org.testng.reporters.JUnitReportReporter -->
<testsuite name="com.jaga.restapi.test.CreateState" tests="1" time="2.509" ignored="0" failures="0" timestamp="07 Jun 2018 04:05:21 GMT" skipped="0" hostname="JAGA" errors="0">
  <testcase name="createState" time="2.509" classname="com.jaga.restapi.test.CreateState"/>
</testsuite> <!-- com.jaga.restapi.test.CreateState -->
