<?xml version="1.0" encoding="UTF-8"?>
<!-- Generated by org.testng.reporters.JUnitReportReporter -->
<testsuite name="com.jaga.restapi.test.ReadState" tests="5" time="0.280" ignored="0" failures="0" timestamp="06 Jun 2018 03:35:38 GMT" skipped="0" hostname="JAGA" errors="0">
  <testcase name="getState" time="0.031" classname="com.jaga.restapi.test.ReadState"/>
  <testcase name="getStates" time="0.024" classname="com.jaga.restapi.test.ReadState"/>
  <testcase name="getState" time="0.136" classname="com.jaga.restapi.test.ReadState"/>
  <testcase name="getState" time="0.047" classname="com.jaga.restapi.test.ReadState"/>
  <testcase name="getState" time="0.042" classname="com.jaga.restapi.test.ReadState"/>
</testsuite> <!-- com.jaga.restapi.test.ReadState -->
