<?xml version="1.0" encoding="UTF-8"?>
<!-- Generated by org.testng.reporters.JUnitReportReporter -->
<testsuite name="com.jaga.restapi.test.DeleteState" tests="1" time="2.208" ignored="0" failures="0" timestamp="07 Jun 2018 04:05:34 GMT" skipped="0" hostname="JAGA" errors="0">
  <testcase name="deleteState" time="2.208" classname="com.jaga.restapi.test.DeleteState"/>
</testsuite> <!-- com.jaga.restapi.test.DeleteState -->
